GTAV Mod Manager Changelog

If you are getting an error stating that the manager is not supported on this OS, you must white-list: http://gtav-modmanager.ddns.me

2.0.0.0 (5/02/2025 8:03AM EST)
- Enabled support for the enhanced version. Enable in settings

1.0.6379.16959 (6/19/2017 10:32AM PST)
- Hide whitelist error on startup
- Added GTAV update bypasser toggle

1.0.5703.12965 (8/13/2015 8:13AM PST)
- New update server URL
- Whitelist required for auto-updates
- Option to disable auto-updates
- Website block notification

1.0.5702.17462 (8/12/2015 10:13AM PST)
- Fixed double right-click rename
- Updated server URL

1.0.5688.9657 (8/3/2015 1:30PM PST)
- Added mod filters
- Keyboard navigation
- Folder mod protections
- Right-click folder access
- Author/version detection
- Disable-on-exit timeout

1.0.5667.11091 (7/8/2015 7:12AM PST)
- Restored author/version info
- Fixed Add Mod bug
- Disable-on-exit improvement
- Fixed RPF config attachment
- Fixed cleaning error

1.0.5666.23120 (7/7/2015 1:52PM PST)
- Fixed cancel disable-on-exit
- Fixed LSPDFR file clearing

1.0.5666.11116 (7/7/2015 7:13AM PST)
- Fixed mod deletion
- Better SinglePlayerGarage support

1.0.5665.35932 (7/6/2015 8:55PM PST)
- Fixed RPF import bug
- Added .cs config support
- Wildcard config filtering

1.0.5665.23002 (7/6/2015 3:49PM PST)
- Mod name tooltips
- Horizontal scrolling
- Crash prevention
- Nexus-style folder mode
- Auto fallback to file copy
- Recycle Bin deletion
- Removed unused labels
- Process detection improvements
- Beta update option
- Changed updater path

1.0.5659.20541 (6/30/2015 12:25PM PST)
- Persistent window size
- Clearer delete button
- Multi-mod deletion
- Config file cleanup

1.0.5652.9718 (6/23/2015 6:28AM PST)
- LSPD:FR support
- Window resizing

1.0.5637.9171 (6/8/2015 6:09AM PST)
- Fixed tooltip
- Log file support

1.0.5633.9086 (6/2/2015 6:04AM PST)
- Debug reporting
- Fixed folder creation
- Backup/restore
- Multiple RPF fix

1.0.5630.26244 (6/1/2015 3:33PM PST)
- Case-sensitive path fix

1.0.5630.21271 (6/1/2015 12:49PM PST)
- dxgi.dll hotfix

1.0.5630.11786 (6/1/2015 7:37AM PST)
- OpenIV.asi support
- SweetFX support
- Progress bars

1.0.5626.9879 (5/28/2015 6:31AM PST)
- Social Club bypass
- Option tooltips

1.0.5625.11214 (5/27/2015 7:19AM PST)
- Fixed disable-on-exit
- Setup Wizard fix

1.0.5624.11509 (5/26/2015 7:19AM PST)
- Priority tweak fix
- Config scrollbar
- VB.NET fix
- Scripthook detection
- More error checking

1.0.5620.11281 (5/22/2015 7:19AM PST)
- Alphabetical sorting
- Options layout

v1.0.5619.10165 (5/21/2015 6:40AM PST)
- Commandline support
- Offline mode toggle

v1.0.5617.17606 (5/19/2015 10:51AM PST)
- YouTube link revert

v1.0.5617.14938 (5/19/2015 9:21AM PST)
- RPF filename fix
- Update notifications
- Pre-delete disabling
- Install path fix
- Auto rescan

v1.0.5616.21507 (5/18/2015 9:21AM PST)
- Copy file mode
- Reduced startup time
- Launch timeout
- Fixed deletion issues
- Folder validation

v1.0.5614.21967 (5/16/2015 1:15PM PST)
- SweetFX crash fix
- Assembly info update

v1.0.5613.20630 (5/15/2015 12:52PM PST)
- OpenIV auto-migration
- LUA improvements

v1.0.5612.18659 (5/14/2015 11:16AM PST)
- Registry crash fix
- fov.ini support
- Modified exe support
- Rewrote file handling

v1.0.5611.12235 (5/13/2015 7:31AM PST) - First Release
- RPF support
- Import wizard
- Dependency checks

v0.1.5610.14225 (5/12/2015 8:57AM PST)
- Auto-updates
- Migration tool
- SweetFX support

v0.1.5609.29118 (5/11/2015 5:08PM PST)
- Crash fix

v0.1.5609.26612 (5/11/2015 3:50PM PST)
- dsound.dll fix

v0.1.5609.23533 (5/11/2015 2:06PM PST)
- main.lua fix

v0.1.5609.21390 (5/11/2015 12:55PM PST)
- .NET/LUA detection
- File renaming

v0.1.5609.13630 (5/11/2015 8:34AM PST)
- Mod renaming
- Config attaching
- Disable-on-exit
